<?xml version="1.0" encoding="UTF-8"?>
<testsuite xmlns:xsi="http://www.w3.org/2001/XMLSchema-instance" xsi:noNamespaceSchemaLocation="https://maven.apache.org/surefire/maven-surefire-plugin/xsd/surefire-test-report-3.0.xsd" version="3.0" name="Exploration de l&apos;onglet Caméra Extérieure dans l&apos;application Somfy" time="37.334" tests="2" errors="0" skipped="0" failures="0">
  <properties>
[...]
</properties>
  <testcase name="Vérification de l&apos;onglet de la caméra extérieure #1" classname="Exploration de l&apos;onglet Caméra Extérieure dans l&apos;application Somfy" time="20.374">
    <system-out><![CDATA[
@SUP-5 @SUP-3
Scénario: Vérification de l'onglet de la caméra extérieure                                         &amp#27;[90m# src/test/resources/features/SomfyAndroid.feature:6&amp#27;[0m
  &amp#27;[32mÉtant donné que &amp#27;[0m&amp#27;[32mlutilisateur souhaite explorer les fonctionnalités de l'onglet Caméra Extérieure&amp#27;[0m &amp#27;[90m# stepdefinitions.PageStepDefsAndroid.lutilisateurSouhaiteExplorerLesFonctionnalitesDeLOngletCameraExterieure()&amp#27;[0m
  &amp#27;[32mQuand &amp#27;[0m&amp#27;[32mil accède à l'application Somfy&amp#27;[0m                                                            &amp#27;[90m# stepdefinitions.PageStepDefsAndroid.ilAccedeALApplicationSomfy()&amp#27;[0m
  &amp#27;[32mEt &amp#27;[0m&amp#27;[32mil sélectionne  &amp#27;[0m&amp#27;[32m&amp#27;[1m"Découvrir Somfy Protect"&amp#27;[0m                                                     &amp#27;[90m# stepdefinitions.PageStepDefsAndroid.ilSelectionne(java.lang.String)&amp#27;[0m
  &amp#27;[32mEt &amp#27;[0m&amp#27;[32mil sélectionne l'onglet &amp#27;[0m&amp#27;[32m&amp#27;[1m"Caméra Extérieure"&amp#27;[0m                                                   &amp#27;[90m# stepdefinitions.PageStepDefsAndroid.ilSelectionneLOnglet(java.lang.String)&amp#27;[0m
  &amp#27;[32mAlors &amp#27;[0m&amp#27;[32mil doit être redirigé vers la page de contrôle de la caméra extérieure&amp#27;[0m                     &amp#27;[90m# stepdefinitions.PageStepDefsAndroid.ilDoitEtreRedirigeVersLaPageDeControleDeLaCameraExterieure()&amp#27;[0m
  &amp#27;[32mEt &amp#27;[0m&amp#27;[32mil doit pouvoir vérifier les fonctionnalités de contrôle de la caméra&amp#27;[0m                         &amp#27;[90m# stepdefinitions.PageStepDefsAndroid.ilDoitPouvoirVerifierLesFonctionnalitesDeControleDeLaCamera()&amp#27;[0m
]]></system-out>
    <system-err><![CDATA[SLF4J: No SLF4J providers were found.
SLF4J: Defaulting to no-operation (NOP) logger implementation
SLF4J: See https://www.slf4j.org/codes.html#noProviders for further details.
]]></system-err>
  </testcase>
  <testcase name="Vérification de l&apos;onglet de la caméra extérieure #2" classname="Exploration de l&apos;onglet Caméra Extérieure dans l&apos;application Somfy" time="16.96">
    <system-out><![CDATA[
@SUP-5 @SUP-4
Scénario: Vérification de l'onglet de la caméra extérieure                                         &amp#27;[90m# src/test/resources/features/SomfyAndroid.feature:16&amp#27;[0m
  &amp#27;[32mÉtant donné que &amp#27;[0m&amp#27;[32mlutilisateur souhaite explorer les fonctionnalités de l'onglet Caméra Extérieure&amp#27;[0m &amp#27;[90m# stepdefinitions.PageStepDefsAndroid.lutilisateurSouhaiteExplorerLesFonctionnalitesDeLOngletCameraExterieure()&amp#27;[0m
  &amp#27;[32mQuand &amp#27;[0m&amp#27;[32mil accède à l'application Somfy&amp#27;[0m                                                            &amp#27;[90m# stepdefinitions.PageStepDefsAndroid.ilAccedeALApplicationSomfy()&amp#27;[0m
  &amp#27;[32mEt &amp#27;[0m&amp#27;[32mil sélectionne  &amp#27;[0m&amp#27;[32m&amp#27;[1m"Découvrir Somfy Protect"&amp#27;[0m                                                     &amp#27;[90m# stepdefinitions.PageStepDefsAndroid.ilSelectionne(java.lang.String)&amp#27;[0m
  &amp#27;[32mEt &amp#27;[0m&amp#27;[32mil sélectionne l'onglet &amp#27;[0m&amp#27;[32m&amp#27;[1m"Caméra Extérieure"&amp#27;[0m                                                   &amp#27;[90m# stepdefinitions.PageStepDefsAndroid.ilSelectionneLOnglet(java.lang.String)&amp#27;[0m
  &amp#27;[32mAlors &amp#27;[0m&amp#27;[32mil doit être redirigé vers la page de contrôle de la caméra extérieure&amp#27;[0m                     &amp#27;[90m# stepdefinitions.PageStepDefsAndroid.ilDoitEtreRedirigeVersLaPageDeControleDeLaCameraExterieure()&amp#27;[0m
  &amp#27;[32mEt &amp#27;[0m&amp#27;[32mil doit pouvoir vérifier les fonctionnalités de contrôle de la caméra&amp#27;[0m                         &amp#27;[90m# stepdefinitions.PageStepDefsAndroid.ilDoitPouvoirVerifierLesFonctionnalitesDeControleDeLaCamera()&amp#27;[0m
]]></system-out>
  </testcase>
</testsuite>